[     110ms] [VERBOSE] [DOM] Input elements should have autocomplete attributes (suggested: "new-password"): (More info: https://goo.gl/9p2vKq) %o @ http://localhost:3000/register/provider:0
[     110ms] [VERBOSE] [DOM] Input elements should have autocomplete attributes (suggested: "new-password"): (More info: https://goo.gl/9p2vKq) %o @ http://localhost:3000/register/provider:0
[     177ms] Error: Minified React error #418; visit https://react.dev/errors/418?args[]=HTML&args[]= for the full message or use the non-minified dev environment for full errors and additional helpful warnings.
    at rK (http://localhost:3000/_next/static/chunks/1d051f014bf1fee1.js:1:46792)
    at io (http://localhost:3000/_next/static/chunks/1d051f014bf1fee1.js:1:97513)
    at sc (http://localhost:3000/_next/static/chunks/1d051f014bf1fee1.js:1:137984)
    at http://localhost:3000/_next/static/chunks/1d051f014bf1fee1.js:1:132874
    at u9 (http://localhost:3000/_next/static/chunks/1d051f014bf1fee1.js:1:132975)
    at sV (http://localhost:3000/_next/static/chunks/1d051f014bf1fee1.js:1:159357)
    at MessagePort.O (http://localhost:3000/_next/static/chunks/1d051f014bf1fee1.js:1:8316)
[     236ms] [VERBOSE] [DOM] Input elements should have autocomplete attributes (suggested: "new-password"): (More info: https://goo.gl/9p2vKq) %o @ http://localhost:3000/register/provider:0
[     236ms] [VERBOSE] [DOM] Input elements should have autocomplete attributes (suggested: "new-password"): (More info: https://goo.gl/9p2vKq) %o @ http://localhost:3000/register/provider:0
[   10470ms] [ERROR] Error: Minified React error #185; visit https://react.dev/errors/185 for the full message or use the non-minified dev environment for full errors and additional helpful warnings.
    at rm (http://localhost:3000/_next/static/chunks/1d051f014bf1fee1.js:1:42424)
    at rf (http://localhost:3000/_next/static/chunks/1d051f014bf1fee1.js:1:41948)
    at ov (http://localhost:3000/_next/static/chunks/1d051f014bf1fee1.js:1:74648)
    at og (http://localhost:3000/_next/static/chunks/1d051f014bf1fee1.js:1:74251)
    at http://localhost:3000/_next/static/chunks/04e8a00461f39a67.js:1:22747
    at r (http://localhost:3000/_next/static/chunks/459b6f08c7b3f21e.js:1:988)
    at http://localhost:3000/_next/static/chunks/459b6f08c7b3f21e.js:1:1071
    at Array.map (<anonymous>)
    at http://localhost:3000/_next/static/chunks/459b6f08c7b3f21e.js:1:1057
    at ib (http://localhost:3000/_next/static/chunks/1d051f014bf1fee1.js:1:103096) @ http://localhost:3000/_next/static/chunks/1d051f014bf1fee1.js:0
[   18367ms] [VERBOSE] [DOM] Input elements should have autocomplete attributes (suggested: "new-password"): (More info: https://goo.gl/9p2vKq) %o @ http://localhost:3000/register/provider:0
[   18367ms] [VERBOSE] [DOM] Input elements should have autocomplete attributes (suggested: "new-password"): (More info: https://goo.gl/9p2vKq) %o @ http://localhost:3000/register/provider:0
[   27114ms] [ERROR] Error: Minified React error #185; visit https://react.dev/errors/185 for the full message or use the non-minified dev environment for full errors and additional helpful warnings.
    at rm (http://localhost:3000/_next/static/chunks/1d051f014bf1fee1.js:1:42424)
    at rf (http://localhost:3000/_next/static/chunks/1d051f014bf1fee1.js:1:41948)
    at ov (http://localhost:3000/_next/static/chunks/1d051f014bf1fee1.js:1:74648)
    at og (http://localhost:3000/_next/static/chunks/1d051f014bf1fee1.js:1:74251)
    at http://localhost:3000/_next/static/chunks/04e8a00461f39a67.js:1:22747
    at r (http://localhost:3000/_next/static/chunks/459b6f08c7b3f21e.js:1:988)
    at http://localhost:3000/_next/static/chunks/459b6f08c7b3f21e.js:1:1071
    at Array.map (<anonymous>)
    at http://localhost:3000/_next/static/chunks/459b6f08c7b3f21e.js:1:1057
    at ib (http://localhost:3000/_next/static/chunks/1d051f014bf1fee1.js:1:103096) @ http://localhost:3000/_next/static/chunks/1d051f014bf1fee1.js:0
