[     240ms] Error: Minified React error #418; visit https://react.dev/errors/418?args[]=text&args[]= for the full message or use the non-minified dev environment for full errors and additional helpful warnings.
    at rK (https://roadsideatl.learnednomad.com/_next/static/chunks/1d051f014bf1fee1.js:1:46792)
    at https://roadsideatl.learnednomad.com/_next/static/chunks/1d051f014bf1fee1.js:1:143140
    at sp (https://roadsideatl.learnednomad.com/_next/static/chunks/1d051f014bf1fee1.js:1:146705)
    at sc (https://roadsideatl.learnednomad.com/_next/static/chunks/1d051f014bf1fee1.js:1:138045)
    at https://roadsideatl.learnednomad.com/_next/static/chunks/1d051f014bf1fee1.js:1:132874
    at u9 (https://roadsideatl.learnednomad.com/_next/static/chunks/1d051f014bf1fee1.js:1:132975)
    at sV (https://roadsideatl.learnednomad.com/_next/static/chunks/1d051f014bf1fee1.js:1:159357)
    at MessagePort.O (https://roadsideatl.learnednomad.com/_next/static/chunks/1d051f014bf1fee1.js:1:8316)
[     255ms] [ERROR] Failed to load resource: the server responded with a status of 503 () @ https://roadsideatl.learnednomad.com/api/health:0
[   41094ms] Error: Minified React error #418; visit https://react.dev/errors/418?args[]=text&args[]= for the full message or use the non-minified dev environment for full errors and additional helpful warnings.
    at rK (https://roadsideatl.learnednomad.com/_next/static/chunks/1d051f014bf1fee1.js:1:46792)
    at rX (https://roadsideatl.learnednomad.com/_next/static/chunks/1d051f014bf1fee1.js:1:47825)
    at https://roadsideatl.learnednomad.com/_next/static/chunks/1d051f014bf1fee1.js:1:141544
    at sp (https://roadsideatl.learnednomad.com/_next/static/chunks/1d051f014bf1fee1.js:1:146705)
    at sc (https://roadsideatl.learnednomad.com/_next/static/chunks/1d051f014bf1fee1.js:1:138045)
    at https://roadsideatl.learnednomad.com/_next/static/chunks/1d051f014bf1fee1.js:1:132874
    at u9 (https://roadsideatl.learnednomad.com/_next/static/chunks/1d051f014bf1fee1.js:1:132975)
    at sV (https://roadsideatl.learnednomad.com/_next/static/chunks/1d051f014bf1fee1.js:1:159357)
    at MessagePort.O (https://roadsideatl.learnednomad.com/_next/static/chunks/1d051f014bf1fee1.js:1:8316)
[  306198ms] [ERROR] WebSocket connection to 'wss://roadsideatl.learnednomad.com/ws' failed: WebSocket opening handshake timed out @ https://roadsideatl.learnednomad.com/_next/static/chunks/7610320a43bdb41b.js:1
[  547196ms] [ERROR] WebSocket connection to 'wss://roadsideatl.learnednomad.com/ws' failed: WebSocket opening handshake timed out @ https://roadsideatl.learnednomad.com/_next/static/chunks/7610320a43bdb41b.js:1
[  789208ms] [ERROR] WebSocket connection to 'wss://roadsideatl.learnednomad.com/ws' failed: WebSocket opening handshake timed out @ https://roadsideatl.learnednomad.com/_next/static/chunks/7610320a43bdb41b.js:1
[ 1033220ms] [ERROR] WebSocket connection to 'wss://roadsideatl.learnednomad.com/ws' failed: WebSocket opening handshake timed out @ https://roadsideatl.learnednomad.com/_next/static/chunks/7610320a43bdb41b.js:1
[ 1281235ms] [ERROR] WebSocket connection to 'wss://roadsideatl.learnednomad.com/ws' failed: WebSocket opening handshake timed out @ https://roadsideatl.learnednomad.com/_next/static/chunks/7610320a43bdb41b.js:1
[ 1537246ms] [ERROR] WebSocket connection to 'wss://roadsideatl.learnednomad.com/ws' failed: WebSocket opening handshake timed out @ https://roadsideatl.learnednomad.com/_next/static/chunks/7610320a43bdb41b.js:1
[ 1807253ms] [ERROR] WebSocket connection to 'wss://roadsideatl.learnednomad.com/ws' failed: WebSocket opening handshake timed out @ https://roadsideatl.learnednomad.com/_next/static/chunks/7610320a43bdb41b.js:1
[ 2077264ms] [ERROR] WebSocket connection to 'wss://roadsideatl.learnednomad.com/ws' failed: WebSocket opening handshake timed out @ https://roadsideatl.learnednomad.com/_next/static/chunks/7610320a43bdb41b.js:1
[ 2347273ms] [ERROR] WebSocket connection to 'wss://roadsideatl.learnednomad.com/ws' failed: WebSocket opening handshake timed out @ https://roadsideatl.learnednomad.com/_next/static/chunks/7610320a43bdb41b.js:1
[ 2617280ms] [ERROR] WebSocket connection to 'wss://roadsideatl.learnednomad.com/ws' failed: WebSocket opening handshake timed out @ https://roadsideatl.learnednomad.com/_next/static/chunks/7610320a43bdb41b.js:1
[ 2887280ms] [ERROR] WebSocket connection to 'wss://roadsideatl.learnednomad.com/ws' failed: WebSocket opening handshake timed out @ https://roadsideatl.learnednomad.com/_next/static/chunks/7610320a43bdb41b.js:1
[ 3157286ms] [ERROR] WebSocket connection to 'wss://roadsideatl.learnednomad.com/ws' failed: WebSocket opening handshake timed out @ https://roadsideatl.learnednomad.com/_next/static/chunks/7610320a43bdb41b.js:1
[ 3427291ms] [ERROR] WebSocket connection to 'wss://roadsideatl.learnednomad.com/ws' failed: WebSocket opening handshake timed out @ https://roadsideatl.learnednomad.com/_next/static/chunks/7610320a43bdb41b.js:1
[ 3697299ms] [ERROR] WebSocket connection to 'wss://roadsideatl.learnednomad.com/ws' failed: WebSocket opening handshake timed out @ https://roadsideatl.learnednomad.com/_next/static/chunks/7610320a43bdb41b.js:1
[ 3967309ms] [ERROR] WebSocket connection to 'wss://roadsideatl.learnednomad.com/ws' failed: WebSocket opening handshake timed out @ https://roadsideatl.learnednomad.com/_next/static/chunks/7610320a43bdb41b.js:1
[ 4237321ms] [ERROR] WebSocket connection to 'wss://roadsideatl.learnednomad.com/ws' failed: WebSocket opening handshake timed out @ https://roadsideatl.learnednomad.com/_next/static/chunks/7610320a43bdb41b.js:1
