[    7102ms] [ERROR] Access to fetch at 'http://localhost:3000/admin' (redirected from 'http://localhost:3001/login?_rsc=yxb8z') from origin 'http://localhost:3001' has been blocked by CORS policy: Response to preflight request doesn't pass access control check: Redirect is not allowed for a preflight request. @ http://localhost:3001/login:0
[    7103ms] [ERROR] Failed to load resource: net::ERR_FAILED @ http://localhost:3000/admin:0
[    7103ms] [ERROR] Failed to fetch RSC payload for http://localhost:3001/login. Falling back to browser navigation. TypeError: Failed to fetch
    at createFetch (http://localhost:3001/_next/static/chunks/cea06_next_dist_client_017a9681._.js:2588:24)
    at fetchServerResponse (http://localhost:3001/_next/static/chunks/cea06_next_dist_client_017a9681._.js:2490:27)
    at fetchMissingDynamicData (http://localhost:3001/_next/static/chunks/cea06_next_dist_client_017a9681._.js:3654:75)
    at spawnDynamicRequests (http://localhost:3001/_next/static/chunks/cea06_next_dist_client_017a9681._.js:3501:35)
    at navigateToSeededRoute (http://localhost:3001/_next/static/chunks/cea06_next_dist_client_017a9681._.js:7741:50)
    at refreshDynamicData (http://localhost:3001/_next/static/chunks/cea06_next_dist_client_017a9681._.js:8347:58)
    at refreshReducer (http://localhost:3001/_next/static/chunks/cea06_next_dist_client_017a9681._.js:8326:12)
    at clientReducer (http://localhost:3001/_next/static/chunks/cea06_next_dist_client_017a9681._.js:9077:59)
    at Object.action (http://localhost:3001/_next/static/chunks/cea06_next_dist_client_017a9681._.js:9310:55)
    at runAction (http://localhost:3001/_next/static/chunks/cea06_next_dist_client_017a9681._.js:9215:38)
    at dispatchAction (http://localhost:3001/_next/static/chunks/cea06_next_dist_client_017a9681._.js:9278:9)
    at Object.dispatch (http://localhost:3001/_next/static/chunks/cea06_next_dist_client_017a9681._.js:9308:40)
    at http://localhost:3001/_next/static/chunks/cea06_next_dist_client_017a9681._.js:1489:29
    at startTransition (http://localhost:3001/_next/static/chunks/cea06_next_dist_compiled_react-dom_39b377e1._.js:5500:31)
    at dispatch (http://localhost:3001/_next/static/chunks/cea06_next_dist_client_017a9681._.js:1488:13)
    at dispatchAppRouterAction (http://localhost:3001/_next/static/chunks/cea06_next_dist_client_017a9681._.js:1470:5)
    at http://localhost:3001/_next/static/chunks/cea06_next_dist_client_017a9681._.js:9429:57
    at startTransition (http://localhost:3001/_next/static/chunks/cea06_next_dist_compiled_77cfe8b3._.js:1279:31)
    at Object.refresh (http://localhost:3001/_next/static/chunks/cea06_next_dist_client_017a9681._.js:9428:36)
    at handleCredentialsSubmit (http://localhost:3001/_next/static/chunks/WebstormProjects_road-side-atl_6cb89fff._.js:411:20) @ http://localhost:3001/_next/static/chunks/cea06_next_dist_4acca03a._.js:3127
[    8090ms] [ERROR] Failed to load resource: the server responded with a status of 503 (Service Unavailable) @ http://localhost:3000/api/health:0
[   38109ms] [ERROR] Failed to load resource: the server responded with a status of 503 (Service Unavailable) @ http://localhost:3000/api/health:0
[   68107ms] [ERROR] Failed to load resource: the server responded with a status of 503 (Service Unavailable) @ http://localhost:3000/api/health:0
[  136762ms] [ERROR] Failed to load resource: the server responded with a status of 503 (Service Unavailable) @ http://localhost:3000/api/health:0
[  143093ms] [ERROR] Failed to load resource: the server responded with a status of 503 (Service Unavailable) @ http://localhost:3000/api/health:0
[  144762ms] [ERROR] Failed to load resource: the server responded with a status of 503 (Service Unavailable) @ http://localhost:3000/api/health:0
[  159826ms] [ERROR] Failed to load resource: the server responded with a status of 503 (Service Unavailable) @ http://localhost:3000/api/health:0
[  160793ms] [ERROR] Failed to load resource: the server responded with a status of 503 (Service Unavailable) @ http://localhost:3000/api/health:0
