[  120864ms] [ERROR] Failed to load resource: the server responded with a status of 503 (Service Unavailable) @ http://localhost:3000/api/health:0
[  120891ms] [ERROR] Failed to load resource: the server responded with a status of 503 (Service Unavailable) @ http://localhost:3000/api/health:0
[  143075ms] [ERROR] Failed to load resource: the server responded with a status of 503 (Service Unavailable) @ http://localhost:3000/api/health:0
[  143099ms] [ERROR] Failed to load resource: the server responded with a status of 503 (Service Unavailable) @ http://localhost:3000/api/health:0
[  173113ms] [ERROR] Failed to load resource: the server responded with a status of 503 (Service Unavailable) @ http://localhost:3000/api/health:0
[  203099ms] [ERROR] Failed to load resource: the server responded with a status of 503 (Service Unavailable) @ http://localhost:3000/api/health:0
[  233136ms] [ERROR] Failed to load resource: the server responded with a status of 503 (Service Unavailable) @ http://localhost:3000/api/health:0
[  240340ms] [ERROR] WebSocket connection to 'ws://localhost:3000/ws' failed: WebSocket opening handshake timed out @ http://localhost:3000/_next/static/chunks/WebstormProjects_road-side-atl_fbce0b93._.js:117
[  263109ms] [ERROR] Failed to load resource: the server responded with a status of 503 (Service Unavailable) @ http://localhost:3000/api/health:0
[  293143ms] [ERROR] Failed to load resource: the server responded with a status of 503 (Service Unavailable) @ http://localhost:3000/api/health:0
[  323183ms] [ERROR] Failed to load resource: the server responded with a status of 503 (Service Unavailable) @ http://localhost:3000/api/health:0
[  353111ms] [ERROR] Failed to load resource: the server responded with a status of 503 (Service Unavailable) @ http://localhost:3000/api/health:0
[  383112ms] [ERROR] Failed to load resource: the server responded with a status of 503 (Service Unavailable) @ http://localhost:3000/api/health:0
[  413109ms] [ERROR] Failed to load resource: the server responded with a status of 503 (Service Unavailable) @ http://localhost:3000/api/health:0
[  443110ms] [ERROR] Failed to load resource: the server responded with a status of 503 (Service Unavailable) @ http://localhost:3000/api/health:0
[  473116ms] [ERROR] Failed to load resource: the server responded with a status of 503 (Service Unavailable) @ http://localhost:3000/api/health:0
[  481346ms] [ERROR] WebSocket connection to 'ws://localhost:3000/ws' failed: WebSocket opening handshake timed out @ http://localhost:3000/_next/static/chunks/WebstormProjects_road-side-atl_fbce0b93._.js:117
[  503113ms] [ERROR] Failed to load resource: the server responded with a status of 503 (Service Unavailable) @ http://localhost:3000/api/health:0
[  533115ms] [ERROR] Failed to load resource: the server responded with a status of 503 (Service Unavailable) @ http://localhost:3000/api/health:0
[  563091ms] [ERROR] Failed to load resource: the server responded with a status of 503 (Service Unavailable) @ http://localhost:3000/api/health:0
[  593091ms] [ERROR] Failed to load resource: the server responded with a status of 503 (Service Unavailable) @ http://localhost:3000/api/health:0
[  623158ms] [ERROR] Failed to load resource: the server responded with a status of 503 (Service Unavailable) @ http://localhost:3000/api/health:0
[  653102ms] [ERROR] Failed to load resource: the server responded with a status of 503 (Service Unavailable) @ http://localhost:3000/api/health:0
[  683130ms] [ERROR] Failed to load resource: the server responded with a status of 503 (Service Unavailable) @ http://localhost:3000/api/health:0
[  713106ms] [ERROR] Failed to load resource: the server responded with a status of 503 (Service Unavailable) @ http://localhost:3000/api/health:0
[  723354ms] [ERROR] WebSocket connection to 'ws://localhost:3000/ws' failed: WebSocket opening handshake timed out @ http://localhost:3000/_next/static/chunks/WebstormProjects_road-side-atl_fbce0b93._.js:117
[  743110ms] [ERROR] Failed to load resource: the server responded with a status of 503 (Service Unavailable) @ http://localhost:3000/api/health:0
[  773177ms] [ERROR] Failed to load resource: the server responded with a status of 503 (Service Unavailable) @ http://localhost:3000/api/health:0
[  803124ms] [ERROR] Failed to load resource: the server responded with a status of 503 (Service Unavailable) @ http://localhost:3000/api/health:0
[  833092ms] [ERROR] Failed to load resource: the server responded with a status of 503 (Service Unavailable) @ http://localhost:3000/api/health:0
[  881878ms] ReferenceError: useEffect is not defined
    at AdminSidebar (http://localhost:3000/_next/static/chunks/WebstormProjects_road-side-atl_1fedabdd._.js?id=%255Bproject%255D%252FWebstormProjects%252Froad-side-atl%252Fcomponents%252Fadmin%252Fsidebar.tsx+%255Bapp-client%255D+%2528ecmascript%2529:129:5)
    at Object.react_stack_bottom_frame (http://localhost:3000/_next/static/chunks/cea06_next_dist_compiled_react-dom_39b377e1._.js:14826:24)
    at renderWithHooks (http://localhost:3000/_next/static/chunks/cea06_next_dist_compiled_react-dom_39b377e1._.js:4651:24)
    at updateFunctionComponent (http://localhost:3000/_next/static/chunks/cea06_next_dist_compiled_react-dom_39b377e1._.js:6112:21)
    at beginWork (http://localhost:3000/_next/static/chunks/cea06_next_dist_compiled_react-dom_39b377e1._.js:6708:24)
    at runWithFiberInDEV (http://localhost:3000/_next/static/chunks/cea06_next_dist_compiled_react-dom_39b377e1._.js:965:74)
    at performUnitOfWork (http://localhost:3000/_next/static/chunks/cea06_next_dist_compiled_react-dom_39b377e1._.js:9562:97)
    at workLoopSync (http://localhost:3000/_next/static/chunks/cea06_next_dist_compiled_react-dom_39b377e1._.js:9456:40)
    at renderRootSync (http://localhost:3000/_next/static/chunks/cea06_next_dist_compiled_react-dom_39b377e1._.js:9440:13)
    at performWorkOnRoot (http://localhost:3000/_next/static/chunks/cea06_next_dist_compiled_react-dom_39b377e1._.js:9105:47)
    at performSyncWorkOnRoot (http://localhost:3000/_next/static/chunks/cea06_next_dist_compiled_react-dom_39b377e1._.js:10238:9)
    at flushSyncWorkAcrossRoots_impl (http://localhost:3000/_next/static/chunks/cea06_next_dist_compiled_react-dom_39b377e1._.js:10154:316)
    at flushSyncWork$1 (http://localhost:3000/_next/static/chunks/cea06_next_dist_compiled_react-dom_39b377e1._.js:9237:86)
    at Object.scheduleRefresh (http://localhost:3000/_next/static/chunks/cea06_next_dist_compiled_react-dom_39b377e1._.js:299:13)
    at http://localhost:3000/_next/static/chunks/cea06_next_dist_compiled_77cfe8b3._.js:391:33
    at Set.forEach (<anonymous>)
    at Object.performReactRefresh (http://localhost:3000/_next/static/chunks/cea06_next_dist_compiled_77cfe8b3._.js:384:38)
    at applyUpdate (http://localhost:3000/_next/static/chunks/cea06_next_dist_compiled_77cfe8b3._.js:878:31)
    at http://localhost:3000/_next/static/chunks/cea06_next_dist_compiled_77cfe8b3._.js:886:13
[  881877ms] [WARNING] WebSocket connection to 'ws://localhost:3000/ws' failed: WebSocket is closed before the connection is established. @ http://localhost:3000/_next/static/chunks/WebstormProjects_road-side-atl_fbce0b93._.js:176
[  883331ms] [WARNING] [Fast Refresh] performing full reload because your application had an unrecoverable error @ http://localhost:3000/_next/static/chunks/cea06_next_dist_4acca03a._.js:2297
[  883852ms] [ERROR] ClientFetchError: Failed to fetch. Read more at https://errors.authjs.dev#autherror
    at fetchData (http://localhost:3000/_next/static/chunks/cea06_6e886a7f._.js:2468:22)
    at async getSession (http://localhost:3000/_next/static/chunks/cea06_6e886a7f._.js:2635:21)
    at async SessionProvider.useEffect [as _getSession] (http://localhost:3000/_next/static/chunks/cea06_6e886a7f._.js:2778:51) @ http://localhost:3000/_next/static/chunks/cea06_next_dist_4acca03a._.js:3127
[ 1124055ms] [ERROR] WebSocket connection to 'ws://localhost:3000/ws' failed: WebSocket opening handshake timed out @ http://localhost:3000/_next/static/chunks/WebstormProjects_road-side-atl_fbce0b93._.js:117
[ 1365064ms] [ERROR] WebSocket connection to 'ws://localhost:3000/ws' failed: WebSocket opening handshake timed out @ http://localhost:3000/_next/static/chunks/WebstormProjects_road-side-atl_fbce0b93._.js:117
[ 1607067ms] [ERROR] WebSocket connection to 'ws://localhost:3000/ws' failed: WebSocket opening handshake timed out @ http://localhost:3000/_next/static/chunks/WebstormProjects_road-side-atl_fbce0b93._.js:117
[ 1851075ms] [ERROR] WebSocket connection to 'ws://localhost:3000/ws' failed: WebSocket opening handshake timed out @ http://localhost:3000/_next/static/chunks/WebstormProjects_road-side-atl_fbce0b93._.js:117
[ 2099084ms] [ERROR] WebSocket connection to 'ws://localhost:3000/ws' failed: WebSocket opening handshake timed out @ http://localhost:3000/_next/static/chunks/WebstormProjects_road-side-atl_fbce0b93._.js:117
[ 2355090ms] [ERROR] WebSocket connection to 'ws://localhost:3000/ws' failed: WebSocket opening handshake timed out @ http://localhost:3000/_next/static/chunks/WebstormProjects_road-side-atl_fbce0b93._.js:117
[ 2625095ms] [ERROR] WebSocket connection to 'ws://localhost:3000/ws' failed: WebSocket opening handshake timed out @ http://localhost:3000/_next/static/chunks/WebstormProjects_road-side-atl_fbce0b93._.js:117
[ 2895100ms] [ERROR] WebSocket connection to 'ws://localhost:3000/ws' failed: WebSocket opening handshake timed out @ http://localhost:3000/_next/static/chunks/WebstormProjects_road-side-atl_fbce0b93._.js:117
[ 3165110ms] [ERROR] WebSocket connection to 'ws://localhost:3000/ws' failed: WebSocket opening handshake timed out @ http://localhost:3000/_next/static/chunks/WebstormProjects_road-side-atl_fbce0b93._.js:117
[ 3435119ms] [ERROR] WebSocket connection to 'ws://localhost:3000/ws' failed: WebSocket opening handshake timed out @ http://localhost:3000/_next/static/chunks/WebstormProjects_road-side-atl_fbce0b93._.js:117
[ 3705109ms] [ERROR] WebSocket connection to 'ws://localhost:3000/ws' failed: WebSocket opening handshake timed out @ http://localhost:3000/_next/static/chunks/WebstormProjects_road-side-atl_fbce0b93._.js:117
[ 3975115ms] [ERROR] WebSocket connection to 'ws://localhost:3000/ws' failed: WebSocket opening handshake timed out @ http://localhost:3000/_next/static/chunks/WebstormProjects_road-side-atl_fbce0b93._.js:117
[ 4245125ms] [ERROR] WebSocket connection to 'ws://localhost:3000/ws' failed: WebSocket opening handshake timed out @ http://localhost:3000/_next/static/chunks/WebstormProjects_road-side-atl_fbce0b93._.js:117
[ 4515136ms] [ERROR] WebSocket connection to 'ws://localhost:3000/ws' failed: WebSocket opening handshake timed out @ http://localhost:3000/_next/static/chunks/WebstormProjects_road-side-atl_fbce0b93._.js:117
[ 4785146ms] [ERROR] WebSocket connection to 'ws://localhost:3000/ws' failed: WebSocket opening handshake timed out @ http://localhost:3000/_next/static/chunks/WebstormProjects_road-side-atl_fbce0b93._.js:117
[ 5055151ms] [ERROR] WebSocket connection to 'ws://localhost:3000/ws' failed: WebSocket opening handshake timed out @ http://localhost:3000/_next/static/chunks/WebstormProjects_road-side-atl_fbce0b93._.js:117
[ 5325159ms] [ERROR] WebSocket connection to 'ws://localhost:3000/ws' failed: WebSocket opening handshake timed out @ http://localhost:3000/_next/static/chunks/WebstormProjects_road-side-atl_fbce0b93._.js:117
[ 5595162ms] [ERROR] WebSocket connection to 'ws://localhost:3000/ws' failed: WebSocket opening handshake timed out @ http://localhost:3000/_next/static/chunks/WebstormProjects_road-side-atl_fbce0b93._.js:117
[ 5865169ms] [ERROR] WebSocket connection to 'ws://localhost:3000/ws' failed: WebSocket opening handshake timed out @ http://localhost:3000/_next/static/chunks/WebstormProjects_road-side-atl_fbce0b93._.js:117
[ 6135193ms] [ERROR] WebSocket connection to 'ws://localhost:3000/ws' failed: WebSocket opening handshake timed out @ http://localhost:3000/_next/static/chunks/WebstormProjects_road-side-atl_fbce0b93._.js:117
